<?xml version="1.0" encoding="UTF-8"?>
<testsuite name="com.brideglabz.datastructuresusinggenerics.HashMapTest" tests="1" skipped="0" failures="0" errors="0" timestamp="2020-10-12T11:50:55" hostname="LAPTOP-RGI87V6B" time="0.01">
  <properties/>
  <testcase name="givenASentence_whenWordsAreAddedToList_shouldReturnWordFrequency" classname="com.brideglabz.datastructuresusinggenerics.HashMapTest" time="0.01"/>
  <system-out><![CDATA[{to=2, be=2, or=1, not=1}
]]></system-out>
  <system-err><![CDATA[]]></system-err>
</testsuite>
