<?xml version="1.0" encoding="UTF-8"?>
<testsuite name="com.brideglabz.datastructuresusinggenerics.StackTest" tests="1" skipped="0" failures="0" errors="0" timestamp="2020-10-11T12:19:49" hostname="LAPTOP-RGI87V6B" time="0.009">
  <properties/>
  <testcase name="given3Numbers_whenPoppedFromStackTillEmpty_shouldReturnNull" classname="com.brideglabz.datastructuresusinggenerics.StackTest" time="0.009"/>
  <system-out><![CDATA[]]></system-out>
  <system-err><![CDATA[]]></system-err>
</testsuite>
