<?xml version="1.0" encoding="UTF-8"?>
<testsuite name="com.brideglabz.datastructuresusinggenerics.BinaryTreeTest" tests="1" skipped="0" failures="0" errors="0" timestamp="2020-10-12T12:58:54" hostname="LAPTOP-RGI87V6B" time="0.005">
  <properties/>
  <testcase name="given3Numbers_whenAddedToBinarySearchTree_shouldReturnSizeThree" classname="com.brideglabz.datastructuresusinggenerics.BinaryTreeTest" time="0.005"/>
  <system-out><![CDATA[]]></system-out>
  <system-err><![CDATA[]]></system-err>
</testsuite>
