<?xml version="1.0" encoding="UTF-8"?>
<testsuite name="com.brideglabz.datastructuresusinggenerics.QueueTest" tests="1" skipped="0" failures="0" errors="0" timestamp="2020-10-11T12:33:52" hostname="LAPTOP-RGI87V6B" time="0.006">
  <properties/>
  <testcase name="given3Numbers_whenEnqueued_shouldPassStackCriteria" classname="com.brideglabz.datastructuresusinggenerics.QueueTest" time="0.006"/>
  <system-out><![CDATA[]]></system-out>
  <system-err><![CDATA[]]></system-err>
</testsuite>
